<?xml version="1.0" encoding="UTF-8"?>
<!-- Generated by org.testng.reporters.JUnitReportReporter -->
<testsuite hostname="SOHANCHAVAN" failures="0" tests="3" name="newautomation.testkeywords" time="0.014" errors="0" timestamp="2022-01-29T10:37:21 IST" skipped="0">
  <testcase classname="newautomation.testkeywords" name="TEST3" time="0.003"/>
  <system-out/>
  <testcase classname="newautomation.testkeywords" name="TEST2" time="0.002"/>
  <system-out/>
  <testcase classname="newautomation.testkeywords" name="test" time="0.009"/>
  <system-out/>
</testsuite> <!-- newautomation.testkeywords -->
