<?xml version="1.0" encoding="UTF-8"?>
<!-- Generated by org.testng.reporters.JUnitReportReporter -->
<testsuite hostname="SOHANCHAVAN" failures="0" tests="1" name="newautomation.TestClass" time="0.008" errors="0" timestamp="2022-02-02T19:01:34 IST" skipped="0">
  <testcase classname="newautomation.TestClass" name="LoginFaceBook" time="0.008"/>
  <system-out/>
</testsuite> <!-- newautomation.TestClass -->
